Using pre-set license
Built from '2020.3/staging' branch; Version is '2020.3.10f1 (297d780c91bc) revision 2719096'; Using compiler version '192528614'; Build Type 'Release'
OS: 'Windows 10 Home; OS build 19042.1348; Version 2009; 64bit' Language: 'en' Physical Memory: 32712 MB
BatchMode: 1, IsHumanControllingUs: 0, StartBugReporterOnCrash: 0, Is64bit: 1, IsPro: 0

 COMMAND LINE ARGUMENTS:
C:\Program Files\Unity\Hub\Editor\2020.3.10f1\Editor\Unity.exe
-adb2
-batchMode
-noUpm
-name
AssetImportWorker0
-projectPath
D:/repos/personal/culmination project
-logFile
Logs/AssetImportWorker0.log
-srvPort
50070
Successfully changed project path to: D:/repos/personal/culmination project
D:/repos/personal/culmination project
Using Asset Import Pipeline V2.
Refreshing native plugins compatible for Editor in 23.42 ms, found 2 plugins.
Preloading 0 native plugins for Editor in 0.00 ms.
Initialize engine version: 2020.3.10f1 (297d780c91bc)
[Subsystems] Discovering subsystems at path C:/Program Files/Unity/Hub/Editor/2020.3.10f1/Editor/Data/Resources/UnitySubsystems
[Subsystems] Discovering subsystems at path D:/repos/personal/culmination project/Assets
GfxDevice: creating device client; threaded=0
Direct3D:
    Version:  Direct3D 11.0 [level 11.1]
    Renderer: NVIDIA GeForce RTX 3070 (ID=0x2484)
    Vendor:   
    VRAM:     8043 MB
    Driver:   27.21.14.6089
Initialize mono
Mono path[0] = 'C:/Program Files/Unity/Hub/Editor/2020.3.10f1/Editor/Data/Managed'
Mono path[1] = 'C:/Program Files/Unity/Hub/Editor/2020.3.10f1/Editor/Data/MonoBleedingEdge/lib/mono/unityjit'
Mono config path = 'C:/Program Files/Unity/Hub/Editor/2020.3.10f1/Editor/Data/MonoBleedingEdge/etc'
Using monoOptions --debugger-agent=transport=dt_socket,embedding=1,server=y,suspend=n,address=127.0.0.1:56624
Begin MonoManager ReloadAssembly
Registering precompiled unity dll's ...
Register platform support module: C:/Program Files/Unity/Hub/Editor/2020.3.10f1/Editor/Data/PlaybackEngines/WindowsStandaloneSupport/UnityEditor.WindowsStandalone.Extensions.dll
Registered in 0.001674 seconds.
Native extension for WindowsStandalone target not found
Refreshing native plugins compatible for Editor in 25.91 ms, found 2 plugins.
Preloading 0 native plugins for Editor in 0.00 ms.
Mono: successfully reloaded assembly
- Completed reload, in  0.822 seconds
Platform modules already initialized, skipping
Registering precompiled user dll's ...
Registered in 0.002191 seconds.
Begin MonoManager ReloadAssembly
Native extension for WindowsStandalone target not found
Refreshing native plugins compatible for Editor in 0.35 ms, found 2 plugins.
Preloading 0 native plugins for Editor in 0.00 ms.
Mono: successfully reloaded assembly
- Completed reload, in  0.779 seconds
Platform modules already initialized, skipping
========================================================================
Worker process is ready to serve import requests
Launched and connected shader compiler UnityShaderCompiler.exe after 0.03 seconds
Refreshing native plugins compatible for Editor in 0.34 ms, found 2 plugins.
Preloading 0 native plugins for Editor in 0.00 ms.
Unloading 1386 Unused Serialized files (Serialized files now loaded: 0)
System memory in use before: 64.7 MB.
System memory in use after: 64.8 MB.

Unloading 19 unused Assets to reduce memory usage. Loaded Objects now: 1819.
Total: 1.890700 ms (FindLiveObjects: 0.203400 ms CreateObjectMapping: 0.041000 ms MarkObjects: 1.578800 ms  DeleteObjects: 0.066500 ms)

========================================================================
Received Import Request.
  path: Assets/pCube10_01_SeamsColor.fbx
  artifactKey: Guid(b026a0f5f010b924fbd43f82e5f849b9) Importer(815301076,1909f56bfc062723c751e8b465ee728b)
Start importing Assets/pCube10_01_SeamsColor.fbx using Guid(b026a0f5f010b924fbd43f82e5f849b9) Importer(815301076,1909f56bfc062723c751e8b465ee728b)  -> (artifact id: '0452b441ec1ce740b5e0840f6bb645ef') in 0.165071 seconds
  Import took 0.167739 seconds .

========================================================================
Received Import Request.
  Time since last request: 18.975593 seconds.
  path: Assets/pCube10_01_SeamsColor.fbx
  artifactKey: Guid(b026a0f5f010b924fbd43f82e5f849b9) Importer(815301076,1909f56bfc062723c751e8b465ee728b)
Start importing Assets/pCube10_01_SeamsColor.fbx using Guid(b026a0f5f010b924fbd43f82e5f849b9) Importer(815301076,1909f56bfc062723c751e8b465ee728b)  -> (artifact id: 'a876b55115cddab13e6727cbbaa06b94') in 0.053665 seconds
  Import took 0.056511 seconds .

AssetImportWorkerClient::OnTransportError - code=2 error=End of file
