Using pre-set license
Built from '2020.3/staging' branch; Version is '2020.3.10f1 (297d780c91bc) revision 2719096'; Using compiler version '192528614'; Build Type 'Release'
OS: 'Windows 10 Home; OS build 19042.1237; Version 2009; 64bit' Language: 'en' Physical Memory: 32712 MB
BatchMode: 1, IsHumanControllingUs: 0, StartBugReporterOnCrash: 0, Is64bit: 1, IsPro: 0

 COMMAND LINE ARGUMENTS:
C:\Program Files\Unity\Hub\Editor\2020.3.10f1\Editor\Unity.exe
-adb2
-batchMode
-noUpm
-name
AssetImportWorker0
-projectPath
D:/repos/personal/culmination project
-logFile
Logs/AssetImportWorker0.log
-srvPort
58765
Successfully changed project path to: D:/repos/personal/culmination project
D:/repos/personal/culmination project
Using Asset Import Pipeline V2.
Refreshing native plugins compatible for Editor in 23.85 ms, found 2 plugins.
Preloading 0 native plugins for Editor in 0.00 ms.
Initialize engine version: 2020.3.10f1 (297d780c91bc)
[Subsystems] Discovering subsystems at path C:/Program Files/Unity/Hub/Editor/2020.3.10f1/Editor/Data/Resources/UnitySubsystems
[Subsystems] Discovering subsystems at path D:/repos/personal/culmination project/Assets
GfxDevice: creating device client; threaded=0
Direct3D:
    Version:  Direct3D 11.0 [level 11.1]
    Renderer: NVIDIA GeForce RTX 3070 (ID=0x2484)
    Vendor:   
    VRAM:     8043 MB
    Driver:   27.21.14.6089
Initialize mono
Mono path[0] = 'C:/Program Files/Unity/Hub/Editor/2020.3.10f1/Editor/Data/Managed'
Mono path[1] = 'C:/Program Files/Unity/Hub/Editor/2020.3.10f1/Editor/Data/MonoBleedingEdge/lib/mono/unityjit'
Mono config path = 'C:/Program Files/Unity/Hub/Editor/2020.3.10f1/Editor/Data/MonoBleedingEdge/etc'
Using monoOptions --debugger-agent=transport=dt_socket,embedding=1,server=y,suspend=n,address=127.0.0.1:56600
Begin MonoManager ReloadAssembly
Registering precompiled unity dll's ...
Register platform support module: C:/Program Files/Unity/Hub/Editor/2020.3.10f1/Editor/Data/PlaybackEngines/WindowsStandaloneSupport/UnityEditor.WindowsStandalone.Extensions.dll
Registered in 0.101138 seconds.
Native extension for WindowsStandalone target not found
Refreshing native plugins compatible for Editor in 23.83 ms, found 2 plugins.
Preloading 0 native plugins for Editor in 0.00 ms.
Mono: successfully reloaded assembly
- Completed reload, in  3.071 seconds
Platform modules already initialized, skipping
Registering precompiled user dll's ...
Registered in 0.390375 seconds.
Begin MonoManager ReloadAssembly
Native extension for WindowsStandalone target not found
Refreshing native plugins compatible for Editor in 0.35 ms, found 2 plugins.
Preloading 0 native plugins for Editor in 0.00 ms.
Mono: successfully reloaded assembly
- Completed reload, in  2.251 seconds
Platform modules already initialized, skipping
========================================================================
Worker process is ready to serve import requests
Launched and connected shader compiler UnityShaderCompiler.exe after 0.04 seconds
Refreshing native plugins compatible for Editor in 0.49 ms, found 2 plugins.
Preloading 0 native plugins for Editor in 0.00 ms.
Unloading 1386 Unused Serialized files (Serialized files now loaded: 0)
System memory in use before: 64.7 MB.
System memory in use after: 64.7 MB.

Unloading 19 unused Assets to reduce memory usage. Loaded Objects now: 1819.
Total: 2.234100 ms (FindLiveObjects: 0.206000 ms CreateObjectMapping: 0.034200 ms MarkObjects: 1.895000 ms  DeleteObjects: 0.097900 ms)

========================================================================
Received Import Request.
  path: Assets/enemy.fbx
  artifactKey: Guid(a0adda128197778449dcf04507839512) Importer(815301076,1909f56bfc062723c751e8b465ee728b)
Start importing Assets/enemy.fbx using Guid(a0adda128197778449dcf04507839512) Importer(815301076,1909f56bfc062723c751e8b465ee728b)  -> (artifact id: 'a25ecf6e971cf7cdd1802a156ebedb5b') in 0.151788 seconds
  Import took 0.154126 seconds .

========================================================================
Received Import Request.
  Time since last request: 76.681185 seconds.
  path: Assets/fisherman.fbx
  artifactKey: Guid(cc612f17035353642a8d5ded9af3ca3d) Importer(815301076,1909f56bfc062723c751e8b465ee728b)
Start importing Assets/fisherman.fbx using Guid(cc612f17035353642a8d5ded9af3ca3d) Importer(815301076,1909f56bfc062723c751e8b465ee728b)  -> (artifact id: '407412a983245729f8cdfbde2bd9a9d9') in 0.065328 seconds
  Import took 0.068141 seconds .

========================================================================
Received Import Request.
  Time since last request: 104.594156 seconds.
  path: Assets/SPYMK2.fbx
  artifactKey: Guid(b46ff58e2d4600c498ee910086e043b8) Importer(815301076,1909f56bfc062723c751e8b465ee728b)
Start importing Assets/SPYMK2.fbx using Guid(b46ff58e2d4600c498ee910086e043b8) Importer(815301076,1909f56bfc062723c751e8b465ee728b)  -> (artifact id: '4580cb1786b3a41d106e50e942c095c9') in 0.038434 seconds
  Import took 0.040930 seconds .

========================================================================
Received Import Request.
  Time since last request: 438.845326 seconds.
  path: Assets/beggar_orange.fbx
  artifactKey: Guid(377e7d0cdcc5a744f8d74499824e37ed) Importer(815301076,1909f56bfc062723c751e8b465ee728b)
Start importing Assets/beggar_orange.fbx using Guid(377e7d0cdcc5a744f8d74499824e37ed) Importer(815301076,1909f56bfc062723c751e8b465ee728b)  -> (artifact id: '2b585a47912a8be7eaf6682d173cac4e') in 0.020374 seconds
  Import took 0.023169 seconds .

AssetImportWorkerClient::OnTransportError - code=2 error=End of file
